diff --git a/ProjectAnalyze.sh b/ProjectAnalyze.sh
index 8cc1526..3434a7d 100755
--- a/ProjectAnalyze.sh
+++ b/ProjectAnalyze.sh
@@ -2,6 +2,7 @@
 
 clear
 
+whoami
 date
 
 git status
@@ -10,3 +11,4 @@ git diff > changes.log
 
 grep TODO -nr * > todo.log
 
+find . -name "*.hs" -exec ghc -fno-code {} \; 2>> error.log
diff --git a/changes.log b/changes.log
index 4189614..e69de29 100644
--- a/changes.log
+++ b/changes.log
@@ -1,4 +0,0 @@
-diff --git a/Labs/Bash01.hs.enc b/Labs/Bash01.hs.enc
-deleted file mode 100644
-index 4f33a5c..0000000
-Binary files a/Labs/Bash01.hs.enc and /dev/null differ
diff --git a/todo.log b/todo.log
index e846c4e..db0a8d1 100644
--- a/todo.log
+++ b/todo.log
@@ -1,3 +1,8 @@
+changes.log:7: grep TODO -nr * > todo.log
+changes.log:60:+changes.log:7: grep TODO -nr * > todo.log
+changes.log:61: ProjectAnalyze.sh:11:grep TODO -nr * > todo.log
+changes.log:62: test:1:Eat Lunch #TODO
+changes.log:63: test:2:OK BYE #TODO
 ProjectAnalyze.sh:11:grep TODO -nr * > todo.log
 test:1:Eat Lunch #TODO
 test:2:OK BYE #TODO
